<?xml version="1.0" encoding="UTF-8"?>
<testng-results ignored="0" total="12" passed="12" failed="0" skipped="0">
  <reporter-output>
  </reporter-output>
  <suite started-at="2025-07-17T13:52:11 IST" name="Suite" finished-at="2025-07-17T13:53:07 IST" duration-ms="55814">
    <groups>
      <group name="cucumber">
        <method signature="AbstractTestNGCucumberTests.runScenario(io.cucumber.testng.PickleWrapper,io.cucumber.testng.FeatureWrapper)[pri:0, instance:runner.TestRunner@7193666c]" name="runScenario" class="io.cucumber.testng.AbstractTestNGCucumberTests"/>
      </group> <!-- cucumber -->
    </groups>
    <test started-at="2025-07-17T13:52:11 IST" name="Test" finished-at="2025-07-17T13:53:07 IST" duration-ms="55814">
      <class name="runner.TestRunner">
        <test-method is-config="true" signature="setUpClass(org.testng.ITestContext)[pri:0, instance:runner.TestRunner@7193666c]" started-at="2025-07-17T13:52:12 IST" name="setUpClass" finished-at="2025-07-17T13:52:12 IST" duration-ms="442" status="PASS">
          <params>
            <param index="0">
              <value>
                <![CDATA[org.testng.TestRunner@7a66c35a]]>
              </value>
            </param>
          </params>
          <reporter-output>
          </reporter-output>
        </test-method> <!-- setUpClass -->
        <test-method signature="runScenario(io.cucumber.testng.PickleWrapper,io.cucumber.testng.FeatureWrapper)[pri:0, instance:runner.TestRunner@7193666c]" started-at="2025-07-17T13:52:12 IST" name="runScenario" description="Runs Cucumber Scenarios" data-provider="scenarios" finished-at="2025-07-17T13:52:27 IST" duration-ms="15493" status="PASS">
          <params>
            <param index="0">
              <value>
                <![CDATA["Validating the deposit functionality with valid data"]]>
              </value>
            </param>
            <param index="1">
              <value>
                <![CDATA["Deposit Functionality"]]>
              </value>
            </param>
          </params>
          <reporter-output>
          </reporter-output>
        </test-method> <!-- runScenario -->
        <test-method signature="runScenario(io.cucumber.testng.PickleWrapper,io.cucumber.testng.FeatureWrapper)[pri:0, instance:runner.TestRunner@7193666c]" started-at="2025-07-17T13:52:28 IST" name="runScenario" description="Runs Cucumber Scenarios" data-provider="scenarios" finished-at="2025-07-17T13:52:31 IST" duration-ms="3487" status="PASS">
          <params>
            <param index="0">
              <value>
                <![CDATA["Validating the deposit functionality with valid data"]]>
              </value>
            </param>
            <param index="1">
              <value>
                <![CDATA["Deposit Functionality"]]>
              </value>
            </param>
          </params>
          <reporter-output>
          </reporter-output>
        </test-method> <!-- runScenario -->
        <test-method signature="runScenario(io.cucumber.testng.PickleWrapper,io.cucumber.testng.FeatureWrapper)[pri:0, instance:runner.TestRunner@7193666c]" started-at="2025-07-17T13:52:31 IST" name="runScenario" description="Runs Cucumber Scenarios" data-provider="scenarios" finished-at="2025-07-17T13:52:34 IST" duration-ms="3277" status="PASS">
          <params>
            <param index="0">
              <value>
                <![CDATA["Validating the deposit functionality with invalid data adding negative deposit money"]]>
              </value>
            </param>
            <param index="1">
              <value>
                <![CDATA["Deposit Functionality"]]>
              </value>
            </param>
          </params>
          <reporter-output>
          </reporter-output>
        </test-method> <!-- runScenario -->
        <test-method signature="runScenario(io.cucumber.testng.PickleWrapper,io.cucumber.testng.FeatureWrapper)[pri:0, instance:runner.TestRunner@7193666c]" started-at="2025-07-17T13:52:34 IST" name="runScenario" description="Runs Cucumber Scenarios" data-provider="scenarios" finished-at="2025-07-17T13:52:38 IST" duration-ms="3285" status="PASS">
          <params>
            <param index="0">
              <value>
                <![CDATA["Validating the deposit functionality with invalid data adding zero deposit money"]]>
              </value>
            </param>
            <param index="1">
              <value>
                <![CDATA["Deposit Functionality"]]>
              </value>
            </param>
          </params>
          <reporter-output>
          </reporter-output>
        </test-method> <!-- runScenario -->
        <test-method signature="runScenario(io.cucumber.testng.PickleWrapper,io.cucumber.testng.FeatureWrapper)[pri:0, instance:runner.TestRunner@7193666c]" started-at="2025-07-17T13:52:38 IST" name="runScenario" description="Runs Cucumber Scenarios" data-provider="scenarios" finished-at="2025-07-17T13:52:42 IST" duration-ms="4779" status="PASS">
          <params>
            <param index="0">
              <value>
                <![CDATA["To Validate login functionality"]]>
              </value>
            </param>
            <param index="1">
              <value>
                <![CDATA["Login Page"]]>
              </value>
            </param>
          </params>
          <reporter-output>
          </reporter-output>
        </test-method> <!-- runScenario -->
        <test-method signature="runScenario(io.cucumber.testng.PickleWrapper,io.cucumber.testng.FeatureWrapper)[pri:0, instance:runner.TestRunner@7193666c]" started-at="2025-07-17T13:52:42 IST" name="runScenario" description="Runs Cucumber Scenarios" data-provider="scenarios" finished-at="2025-07-17T13:52:45 IST" duration-ms="2477" status="PASS">
          <params>
            <param index="0">
              <value>
                <![CDATA["Validating the transaction functionality"]]>
              </value>
            </param>
            <param index="1">
              <value>
                <![CDATA["Transaction Functionality"]]>
              </value>
            </param>
          </params>
          <reporter-output>
          </reporter-output>
        </test-method> <!-- runScenario -->
        <test-method signature="runScenario(io.cucumber.testng.PickleWrapper,io.cucumber.testng.FeatureWrapper)[pri:0, instance:runner.TestRunner@7193666c]" started-at="2025-07-17T13:52:45 IST" name="runScenario" description="Runs Cucumber Scenarios" data-provider="scenarios" finished-at="2025-07-17T13:52:47 IST" duration-ms="2464" status="PASS">
          <params>
            <param index="0">
              <value>
                <![CDATA["Validating the transaction functionality"]]>
              </value>
            </param>
            <param index="1">
              <value>
                <![CDATA["Transaction Functionality"]]>
              </value>
            </param>
          </params>
          <reporter-output>
          </reporter-output>
        </test-method> <!-- runScenario -->
        <test-method signature="runScenario(io.cucumber.testng.PickleWrapper,io.cucumber.testng.FeatureWrapper)[pri:0, instance:runner.TestRunner@7193666c]" started-at="2025-07-17T13:52:47 IST" name="runScenario" description="Runs Cucumber Scenarios" data-provider="scenarios" finished-at="2025-07-17T13:52:52 IST" duration-ms="5073" status="PASS">
          <params>
            <param index="0">
              <value>
                <![CDATA["Validating the Withdraw functionality with valid data"]]>
              </value>
            </param>
            <param index="1">
              <value>
                <![CDATA["Withdraw Functionality"]]>
              </value>
            </param>
          </params>
          <reporter-output>
          </reporter-output>
        </test-method> <!-- runScenario -->
        <test-method signature="runScenario(io.cucumber.testng.PickleWrapper,io.cucumber.testng.FeatureWrapper)[pri:0, instance:runner.TestRunner@7193666c]" started-at="2025-07-17T13:52:52 IST" name="runScenario" description="Runs Cucumber Scenarios" data-provider="scenarios" finished-at="2025-07-17T13:52:55 IST" duration-ms="2980" status="PASS">
          <params>
            <param index="0">
              <value>
                <![CDATA["Validating the Withdraw functionality with valid data"]]>
              </value>
            </param>
            <param index="1">
              <value>
                <![CDATA["Withdraw Functionality"]]>
              </value>
            </param>
          </params>
          <reporter-output>
          </reporter-output>
        </test-method> <!-- runScenario -->
        <test-method signature="runScenario(io.cucumber.testng.PickleWrapper,io.cucumber.testng.FeatureWrapper)[pri:0, instance:runner.TestRunner@7193666c]" started-at="2025-07-17T13:52:55 IST" name="runScenario" description="Runs Cucumber Scenarios" data-provider="scenarios" finished-at="2025-07-17T13:52:59 IST" duration-ms="3315" status="PASS">
          <params>
            <param index="0">
              <value>
                <![CDATA["Validating the withdraw functionality with invalid data withdraw negative money"]]>
              </value>
            </param>
            <param index="1">
              <value>
                <![CDATA["Withdraw Functionality"]]>
              </value>
            </param>
          </params>
          <reporter-output>
          </reporter-output>
        </test-method> <!-- runScenario -->
        <test-method signature="runScenario(io.cucumber.testng.PickleWrapper,io.cucumber.testng.FeatureWrapper)[pri:0, instance:runner.TestRunner@7193666c]" started-at="2025-07-17T13:52:59 IST" name="runScenario" description="Runs Cucumber Scenarios" data-provider="scenarios" finished-at="2025-07-17T13:53:04 IST" duration-ms="5383" status="PASS">
          <params>
            <param index="0">
              <value>
                <![CDATA["Validating the withdraw functionality with withdraw 0 amount"]]>
              </value>
            </param>
            <param index="1">
              <value>
                <![CDATA["Withdraw Functionality"]]>
              </value>
            </param>
          </params>
          <reporter-output>
          </reporter-output>
        </test-method> <!-- runScenario -->
        <test-method signature="runScenario(io.cucumber.testng.PickleWrapper,io.cucumber.testng.FeatureWrapper)[pri:0, instance:runner.TestRunner@7193666c]" started-at="2025-07-17T13:53:04 IST" name="runScenario" description="Runs Cucumber Scenarios" data-provider="scenarios" finished-at="2025-07-17T13:53:07 IST" duration-ms="2855" status="PASS">
          <params>
            <param index="0">
              <value>
                <![CDATA["Validating the withdraw functionality with invalid data with withdraw money more than balance"]]>
              </value>
            </param>
            <param index="1">
              <value>
                <![CDATA["Withdraw Functionality"]]>
              </value>
            </param>
          </params>
          <reporter-output>
          </reporter-output>
        </test-method> <!-- runScenario -->
        <test-method is-config="true" signature="tearDownClass()[pri:0, instance:runner.TestRunner@7193666c]" started-at="2025-07-17T13:53:07 IST" name="tearDownClass" finished-at="2025-07-17T13:53:07 IST" duration-ms="405" status="PASS">
          <reporter-output>
          </reporter-output>
        </test-method> <!-- tearDownClass -->
      </class> <!-- runner.TestRunner -->
    </test> <!-- Test -->
  </suite> <!-- Suite -->
</testng-results>
