<?xml version="1.0" encoding="UTF-8"?>
<testsuite xmlns:xsi="http://www.w3.org/2001/XMLSchema-instance" xsi:noNamespaceSchemaLocation="https://maven.apache.org/surefire/maven-surefire-plugin/xsd/surefire-test-report.xsd" name="TestSuite" time="56.571" tests="12" errors="0" skipped="0" failures="0">
  <properties>
[...]
</properties>
  <testcase name="runScenario" classname="runner.TestRunner" time="15.489"/>
  <testcase name="runScenario" classname="runner.TestRunner" time="3.487"/>
  <testcase name="runScenario" classname="runner.TestRunner" time="3.277"/>
  <testcase name="runScenario" classname="runner.TestRunner" time="3.285"/>
  <testcase name="runScenario" classname="runner.TestRunner" time="4.78"/>
  <testcase name="runScenario" classname="runner.TestRunner" time="2.477"/>
  <testcase name="runScenario" classname="runner.TestRunner" time="2.465"/>
  <testcase name="runScenario" classname="runner.TestRunner" time="5.074"/>
  <testcase name="runScenario" classname="runner.TestRunner" time="2.981"/>
  <testcase name="runScenario" classname="runner.TestRunner" time="3.316"/>
  <testcase name="runScenario" classname="runner.TestRunner" time="5.384"/>
  <testcase name="runScenario" classname="runner.TestRunner" time="2.857"/>
</testsuite>